[{"type": "system", "data": {"content": "You will get instructions for code to write.\nYou will write a very long answer. Make sure that every detail of the architecture is, in the end, implemented as code.\nThink step by step and reason yourself to the correct decisions to make sure we get it right.\nFirst lay out the names of the core classes, functions, methods that will be necessary, As well as a quick comment on their purpose.\n\nYou will output the content of each file necessary to achieve the goal, including ALL code.\nRepresent files like so:\n\nFILENAME\n```\nCODE\n```\n\nThe following tokens must be replaced like so:\nFILENAME is the lowercase combined path and file name including the file extension\nCODE is the code in the file\n\nExample representation of a file:\n\nsrc/hello_world.py\n```\nprint(\"Hello World\")\n```\n\nDo not comment on what every file does. Please note that the code should be fully functional. No placeholders.\n\n\nYou will start with the \"entrypoint\" file, then go to the ones that are imported by that file, and so on.\nPlease note that the code should be fully functional. No placeholders.\n\nFollow a language and framework appropriate best practice file naming convention.\nMake sure that files contain all imports, types etc.  The code should be fully functional. Make sure that code in different files are compatible with each other.\nEnsure to implement all code, if you are unsure, write a plausible implementation.\nInclude module dependency or package manager dependency definition file.\nBefore you finish, double check that all parts of the architecture is present in the files.\n\nWhen you are done, write finish with \"this concludes a fully working implementation\".\n\nUseful to know:\nAlmost always put different classes in different files.\nAlways use the programming language the user asks for.\nFor Python, you always create an appropriate requirements.txt file.\nFor NodeJS, you always create an appropriate package.json file.\nAlways add a comment briefly describing the purpose of the function definition.\nAdd comments explaining very complex bits of logic.\nAlways follow the best practices for the requested languages for folder/file structure and how to package the project.\n\n\nPython toolbelt preferences:\n- pytest\n- dataclasses\n", "additional_kwargs": {}}}, {"type": "human", "data": {"content": "Instructions: PDF file viewer \u3092\u4f5c\u6210\u3057\u3066\u304f\u3060\u3055\u3044\u3002\n\n# \u30a2\u30d7\u30ea\u30b1\u30fc\u30b7\u30e7\u30f3\u306e\u4ed5\u69d8\n## \u30d5\u30a1\u30a4\u30eb\u30a2\u30c3\u30d7\u30ed\u30fc\u30c9\u753b\u9762\n- \u30d5\u30a1\u30a4\u30eb\u3092\u30a2\u30c3\u30d7\u30ed\u30fc\u30c9\u3059\u308b\u3068\u3001\u30d0\u30c3\u30af\u30a8\u30f3\u30c9\u3067\u30d5\u30a1\u30a4\u30eb\u3092\u4fdd\u5b58\u3057\u3001sqlite\u306b\u30d5\u30a1\u30a4\u30eb\u4e00\u89a7\u3068\u3057\u3066\u4fdd\u5b58\u3092\u3059\u308b\u3002\n\n## \u30d5\u30a1\u30a4\u30eb\u4e00\u89a7\u753b\u9762\n- \u753b\u9762\u306e\u5de6\u5074\u306b\u30d5\u30a1\u30a4\u30eb\u4e00\u89a7\u3092\u8868\u793a\u3059\u308b\u3002\n- \u30d5\u30a1\u30a4\u30eb\u540d\u3092\u30af\u30ea\u30c3\u30af\u3059\u308b\u3068\u3001\u30da\u30fc\u30b8\u306e\u53f3\u5074\u306bPDF.js\u3092\u4f7f\u3063\u3066\u30d5\u30a1\u30a4\u30eb\u3092\u8868\u793a\u3059\u308b\u3002\n\n# \u30d0\u30c3\u30af\u30a8\u30f3\u30c9\u69cb\u6210\n- \u30d0\u30c3\u30af\u30a8\u30f3\u30c9\u306fFastAPI\u3092\u5229\u7528\u3059\u308b\u3002\n- api \u30d5\u30a9\u30eb\u30c0\u30fc\u4ee5\u4e0b\u306b\u3001api\u306e\u5b9f\u88c5\u3092\u3059\u308b\u3002\n- __init__.py \u306b\u306f \"# This is __init__.py\" \u3068\u30b3\u30e1\u30f3\u30c8\u3092\u5165\u308c\u3066\u304f\u3060\u3055\u3044\u3002\n- API \u8d77\u52d5\u6642\u306b\u3001sqlite\u306e\u30c6\u30fc\u30d6\u30eb\u3092\u4f5c\u6210\u3059\u308b\u3002\n- cors \u3067\u5168\u3066\u3092\u8a31\u53ef\u3059\u308b\n\n```\napp.add_middleware(\n    CORSMiddleware,\n    allow_origins=[\"*\"],  # \u3059\u3079\u3066\u306e\u30aa\u30ea\u30b8\u30f3\u3092\u8a31\u53ef\n    allow_credentials=True,\n    allow_methods=[\"*\"],  # \u3059\u3079\u3066\u306e HTTP \u30e1\u30bd\u30c3\u30c9\u3092\u8a31\u53ef\n    allow_headers=[\"*\"],  # \u3059\u3079\u3066\u306e\u30d8\u30c3\u30c0\u30fc\u3092\u8a31\u53ef\n)\n```\n\n# \u30d5\u30ed\u30f3\u30c8\u30a8\u30f3\u30c9\u69cb\u6210\n- \u30d5\u30ed\u30f3\u30c8\u30a8\u30f3\u30c9\u306fReact(Typescript)\u3068pdf.js\u3092\u5229\u7528\u3059\u308b\u3002\n- React\u306e\u30a2\u30d7\u30ea\u306fcreate-react-app (npx create-react-app <app-name-here> --template typescript)\u3092\u5229\u7528\u3057\u3066\u4f5c\u6210\u3059\u308b\u3002\n- gui \u30d5\u30a9\u30eb\u30c0\u30fc\u4ee5\u4e0b\u306b\u3001\u30d5\u30ed\u30f3\u30c8\u30a8\u30f3\u30c9\u306e\u5b9f\u88c5\u3092\u3059\u308b\u3002\n- npx create-react-app \u3092\u5b9f\u884c\u3059\u308b\u3068\u4ee5\u4e0b\u306e\u30c7\u30a3\u30ec\u30af\u30c8\u30ea\u304c\u4f5c\u6210\u3055\u308c\u307e\u3059\u3002\n\n```\n.\n\u251c\u2500\u2500 README.md\n\u251c\u2500\u2500 package-lock.json\n\u251c\u2500\u2500 package.json\n\u251c\u2500\u2500 public\n\u2502\u00a0\u00a0 \u251c\u2500\u2500 favicon.ico\n\u2502\u00a0\u00a0 \u251c\u2500\u2500 index.html\n\u2502\u00a0\u00a0 \u251c\u2500\u2500 logo192.png\n\u2502\u00a0\u00a0 \u251c\u2500\u2500 logo512.png\n\u2502\u00a0\u00a0 \u251c\u2500\u2500 manifest.json\n\u2502\u00a0\u00a0 \u2514\u2500\u2500 robots.txt\n\u251c\u2500\u2500 src\n\u2502\u00a0\u00a0 \u251c\u2500\u2500 App.css\n\u2502\u00a0\u00a0 \u251c\u2500\u2500 App.test.tsx\n\u2502\u00a0\u00a0 \u251c\u2500\u2500 App.tsx\n\u2502\u00a0\u00a0 \u251c\u2500\u2500 index.css\n\u2502\u00a0\u00a0 \u251c\u2500\u2500 index.tsx\n\u2502\u00a0\u00a0 \u251c\u2500\u2500 logo.svg\n\u2502\u00a0\u00a0 \u251c\u2500\u2500 react-app-env.d.ts\n\u2502\u00a0\u00a0 \u251c\u2500\u2500 reportWebVitals.ts\n\u2502\u00a0\u00a0 \u2514\u2500\u2500 setupTests.ts\n\u2514\u2500\u2500 tsconfig.json\n```\n", "additional_kwargs": {}, "example": false}}, {"type": "ai", "data": {"content": "\u30a8\u30e9\u30fc\u30e1\u30c3\u30bb\u30fc\u30b8\u304b\u3089\u5224\u65ad\u3059\u308b\u3068\u3001FastAPI\u306e\u30ec\u30b9\u30dd\u30f3\u30b9\u30e2\u30c7\u30eb\u3067\u3042\u308b`File`\u304c\u5fc5\u8981\u306a\u30d5\u30a3\u30fc\u30eb\u30c9`name`\u3068`path`\u3092\u6301\u3063\u3066\u3044\u306a\u3044\u3088\u3046\u3067\u3059\u3002\u3053\u308c\u306f\u3001\u30c7\u30fc\u30bf\u30d9\u30fc\u30b9\u304b\u3089\u53d6\u5f97\u3057\u305f\u30d5\u30a1\u30a4\u30eb\u30aa\u30d6\u30b8\u30a7\u30af\u30c8\u304c\u3053\u308c\u3089\u306e\u30d5\u30a3\u30fc\u30eb\u30c9\u3092\u6301\u3063\u3066\u3044\u306a\u3044\u304b\u3001\u6b63\u3057\u304f\u8a2d\u5b9a\u3055\u308c\u3066\u3044\u306a\u3044\u53ef\u80fd\u6027\u304c\u3042\u308a\u307e\u3059\u3002\n\n\u3053\u308c\u3092\u4fee\u6b63\u3059\u308b\u305f\u3081\u306b\u306f\u3001`File`\u30e2\u30c7\u30eb\u306e\u5b9a\u7fa9\u3068\u3001\u305d\u308c\u3092\u4f7f\u7528\u3057\u3066\u3044\u308b\u30a8\u30f3\u30c9\u30dd\u30a4\u30f3\u30c8\u306e\u5b9f\u88c5\u3092\u78ba\u8a8d\u3059\u308b\u5fc5\u8981\u304c\u3042\u308a\u307e\u3059\u3002\n\n\u307e\u305a\u3001`File`\u30e2\u30c7\u30eb\u306e\u5b9a\u7fa9\u3092\u898b\u3066\u307f\u307e\u3057\u3087\u3046\u3002\n\n### api/models.py\n```python\nfrom sqlalchemy import Column, Integer, String\nfrom sqlalchemy.ext.declarative import declarative_base\n\nBase = declarative_base()\n\nclass File(Base):\n    __tablename__ = \"files\"\n\n    id = Column(Integer, primary_key=True, index=True)\n    name = Column(String)\n    path = Column(String)\n```\n\n\u6b21\u306b\u3001`File`\u30e2\u30c7\u30eb\u3092\u4f7f\u7528\u3057\u3066\u3044\u308b\u30a8\u30f3\u30c9\u30dd\u30a4\u30f3\u30c8\u306e\u5b9f\u88c5\u3092\u898b\u3066\u307f\u307e\u3057\u3087\u3046\u3002\n\n### api/main.py\n```python\nfrom fastapi import FastAPI, UploadFile, File\nfrom sqlalchemy.orm import Session\nfrom api import models, schemas\nfrom api.database import SessionLocal, engine\n\nmodels.Base.metadata.create_all(bind=engine)\n\napp = FastAPI()\n\ndef get_db():\n    db = SessionLocal()\n    try:\n        yield db\n    finally:\n        db.close()\n\n@app.post(\"/files/\", response_model=schemas.File)\ndef create_file(file: UploadFile = File(...), db: Session = Depends(get_db)):\n    db_file = models.File(name=file.filename, path=file.file.read())\n    db.add(db_file)\n    db.commit()\n    db.refresh(db_file)\n    return db_file\n```\n\n\u3053\u3053\u3067\u3001`create_file`\u95a2\u6570\u5185\u3067`models.File`\u306e\u30a4\u30f3\u30b9\u30bf\u30f3\u30b9\u3092\u4f5c\u6210\u3057\u3066\u3044\u308b\u90e8\u5206\u3092\u898b\u3066\u307f\u307e\u3057\u3087\u3046\u3002`name`\u3068`path`\u306e\u30d5\u30a3\u30fc\u30eb\u30c9\u306f\u3001\u30a2\u30c3\u30d7\u30ed\u30fc\u30c9\u3055\u308c\u305f\u30d5\u30a1\u30a4\u30eb\u306e`filename`\u3068`file`\u5c5e\u6027\u304b\u3089\u53d6\u5f97\u3057\u3066\u3044\u307e\u3059\u3002\n\n\u3057\u304b\u3057\u3001`path`\u30d5\u30a3\u30fc\u30eb\u30c9\u306b\u306f\u30d5\u30a1\u30a4\u30eb\u306e\u5185\u5bb9\uff08`file.file.read()`\uff09\u304c\u8a2d\u5b9a\u3055\u308c\u3066\u3044\u307e\u3059\u3002\u3053\u308c\u306f\u9593\u9055\u3044\u3067\u3001`path`\u30d5\u30a3\u30fc\u30eb\u30c9\u306b\u306f\u30d5\u30a1\u30a4\u30eb\u306e\u4fdd\u5b58\u5148\u306e\u30d1\u30b9\u304c\u8a2d\u5b9a\u3055\u308c\u308b\u3079\u304d\u3067\u3059\u3002\n\n\u3057\u305f\u304c\u3063\u3066\u3001\u30d5\u30a1\u30a4\u30eb\u3092\u4fdd\u5b58\u3057\u3001\u305d\u306e\u30d1\u30b9\u3092`path`\u30d5\u30a3\u30fc\u30eb\u30c9\u306b\u8a2d\u5b9a\u3059\u308b\u3088\u3046\u306b`create_file`\u95a2\u6570\u3092\u4fee\u6b63\u3059\u308b\u5fc5\u8981\u304c\u3042\u308a\u307e\u3059\u3002\n\n### api/main.py\n```python\nimport os\nfrom fastapi import FastAPI, UploadFile, File, Depends\nfrom sqlalchemy.orm import Session\nfrom api import models, schemas\nfrom api.database import SessionLocal, engine\n\nmodels.Base.metadata.create_all(bind=engine)\n\napp = FastAPI()\n\ndef get_db():\n    db = SessionLocal()\n    try:\n        yield db\n    finally:\n        db.close()\n\n@app.post(\"/files/\", response_model=schemas.File)\nasync def create_file(file: UploadFile = File(...), db: Session = Depends(get_db)):\n    file_location = f\"files/{file.filename}\"\n    with open(file_location, \"wb+\") as file_object:\n        file_object.write(await file.read())\n    db_file = models.File(name=file.filename, path=file_location)\n    db.add(db_file)\n    db.commit()\n    db.refresh(db_file)\n    return db_file\n```\n\n\u3053\u306e\u4fee\u6b63\u306b\u3088\u308a\u3001\u30a2\u30c3\u30d7\u30ed\u30fc\u30c9\u3055\u308c\u305f\u30d5\u30a1\u30a4\u30eb\u306f`files/`\u30c7\u30a3\u30ec\u30af\u30c8\u30ea\u306b\u4fdd\u5b58\u3055\u308c\u3001\u305d\u306e\u30d1\u30b9\u304c\u30c7\u30fc\u30bf\u30d9\u30fc\u30b9\u306b\u4fdd\u5b58\u3055\u308c\u307e\u3059\u3002\u3053\u308c\u306b\u3088\u308a\u3001FastAPI\u306e\u30ec\u30b9\u30dd\u30f3\u30b9\u30e2\u30c7\u30eb\u3067\u3042\u308b`File`\u306f\u5fc5\u8981\u306a`name`\u3068`path`\u30d5\u30a3\u30fc\u30eb\u30c9\u3092\u6301\u3064\u3088\u3046\u306b\u306a\u308a\u3001\u30a8\u30e9\u30fc\u306f\u89e3\u6d88\u3055\u308c\u308b\u306f\u305a\u3067\u3059\u3002", "additional_kwargs": {}, "example": false}}, {"type": "human", "data": {"content": "\u8981\u4ef6\u306e \"API \u8d77\u52d5\u6642\u306b\u3001sqlite\u306e\u30c6\u30fc\u30d6\u30eb\u3092\u4f5c\u6210\u3059\u308b\" \u306e\u5b9f\u88c5\u304c\u6f0f\u308c\u3066\u3044\u308b\u305f\u3081\u3001\u30a8\u30e9\u30fc\u304c\u767a\u751f\u3057\u3066\u3044\u307e\u3059\u3002\n\n\n\n```\nINFO:     127.0.0.1:65522 - \"GET /files/ HTTP/1.1\" 500 Internal Server Error\nERROR:    Exception in ASGI application\nTraceback (most recent call last):\n  File \"/Users/niten.nashiki/ghq/github.com/nnashiki/sandbox-gpt-engineer/projects/my-new-project/env/lib/python3.11/site-packages/sqlalchemy/engine/base.py\", line 1969, in _exec_single_context\n    self.dialect.do_execute(\n  File \"/Users/niten.nashiki/ghq/github.com/nnashiki/sandbox-gpt-engineer/projects/my-new-project/env/lib/python3.11/site-packages/sqlalchemy/engine/default.py\", line 922, in do_execute\n    cursor.execute(statement, parameters)\nsqlite3.OperationalError: no such column: files.name\n\nThe above exception was the direct cause of the following exception:\n\nTraceback (most recent call last):\n  File \"/Users/niten.nashiki/ghq/github.com/nnashiki/sandbox-gpt-engineer/projects/my-new-project/env/lib/python3.11/site-packages/uvicorn/protocols/http/h11_impl.py\", line 408, in run_asgi\n    result = await app(  # type: ignore[func-returns-value]\n             ^^^^^^^^^^^^^^^^^^^^^^^^^^^^^^^^^^^^^^^^^^^^^^\n  File \"/Users/niten.nashiki/ghq/github.com/nnashiki/sandbox-gpt-engineer/projects/my-new-project/env/lib/python3.11/site-packages/uvicorn/middleware/proxy_headers.py\", line 84, in __call__\n    return await self.app(scope, receive, send)\n           ^^^^^^^^^^^^^^^^^^^^^^^^^^^^^^^^^^^^\n  File \"/Users/niten.nashiki/ghq/github.com/nnashiki/sandbox-gpt-engineer/projects/my-new-project/env/lib/python3.11/site-packages/fastapi/applications.py\", line 1106, in __call__\n    await super().__call__(scope, receive, send)\n  File \"/Users/niten.nashiki/ghq/github.com/nnashiki/sandbox-gpt-engineer/projects/my-new-project/env/lib/python3.11/site-packages/starlette/applications.py\", line 122, in __call__\n    await self.middleware_stack(scope, receive, send)\n  File \"/Users/niten.nashiki/ghq/github.com/nnashiki/sandbox-gpt-engineer/projects/my-new-project/env/lib/python3.11/site-packages/starlette/middleware/errors.py\", line 184, in __call__\n    raise exc\n  File \"/Users/niten.nashiki/ghq/github.com/nnashiki/sandbox-gpt-engineer/projects/my-new-project/env/lib/python3.11/site-packages/starlette/middleware/errors.py\", line 162, in __call__\n    await self.app(scope, receive, _send)\n  File \"/Users/niten.nashiki/ghq/github.com/nnashiki/sandbox-gpt-engineer/projects/my-new-project/env/lib/python3.11/site-packages/starlette/middleware/cors.py\", line 91, in __call__\n    await self.simple_response(scope, receive, send, request_headers=headers)\n  File \"/Users/niten.nashiki/ghq/github.com/nnashiki/sandbox-gpt-engineer/projects/my-new-project/env/lib/python3.11/site-packages/starlette/middleware/cors.py\", line 146, in simple_response\n    await self.app(scope, receive, send)\n  File \"/Users/niten.nashiki/ghq/github.com/nnashiki/sandbox-gpt-engineer/projects/my-new-project/env/lib/python3.11/site-packages/starlette/middleware/exceptions.py\", line 79, in __call__\n    raise exc\n  File \"/Users/niten.nashiki/ghq/github.com/nnashiki/sandbox-gpt-engineer/projects/my-new-project/env/lib/python3.11/site-packages/starlette/middleware/exceptions.py\", line 68, in __call__\n    await self.app(scope, receive, sender)\n  File \"/Users/niten.nashiki/ghq/github.com/nnashiki/sandbox-gpt-engineer/projects/my-new-project/env/lib/python3.11/site-packages/fastapi/middleware/asyncexitstack.py\", line 20, in __call__\n    raise e\n  File \"/Users/niten.nashiki/ghq/github.com/nnashiki/sandbox-gpt-engineer/projects/my-new-project/env/lib/python3.11/site-packages/fastapi/middleware/asyncexitstack.py\", line 17, in __call__\n    await self.app(scope, receive, send)\n  File \"/Users/niten.nashiki/ghq/github.com/nnashiki/sandbox-gpt-engineer/projects/my-new-project/env/lib/python3.11/site-packages/starlette/routing.py\", line 718, in __call__\n    await route.handle(scope, receive, send)\n  File \"/Users/niten.nashiki/ghq/github.com/nnashiki/sandbox-gpt-engineer/projects/my-new-project/env/lib/python3.11/site-packages/starlette/routing.py\", line 276, in handle\n    await self.app(scope, receive, send)\n  File \"/Users/niten.nashiki/ghq/github.com/nnashiki/sandbox-gpt-engineer/projects/my-new-project/env/lib/python3.11/site-packages/starlette/routing.py\", line 66, in app\n    response = await func(request)\n               ^^^^^^^^^^^^^^^^^^^\n  File \"/Users/niten.nashiki/ghq/github.com/nnashiki/sandbox-gpt-engineer/projects/my-new-project/env/lib/python3.11/site-packages/fastapi/routing.py\", line 274, in app\n    raw_response = await run_endpoint_function(\n                   ^^^^^^^^^^^^^^^^^^^^^^^^^^^^\n  File \"/Users/niten.nashiki/ghq/github.com/nnashiki/sandbox-gpt-engineer/projects/my-new-project/env/lib/python3.11/site-packages/fastapi/routing.py\", line 193, in run_endpoint_function\n    return await run_in_threadpool(dependant.call, **values)\n           ^^^^^^^^^^^^^^^^^^^^^^^^^^^^^^^^^^^^^^^^^^^^^^^^^\n  File \"/Users/niten.nashiki/ghq/github.com/nnashiki/sandbox-gpt-engineer/projects/my-new-project/env/lib/python3.11/site-packages/starlette/concurrency.py\", line 41, in run_in_threadpool\n    return await anyio.to_thread.run_sync(func, *args)\n           ^^^^^^^^^^^^^^^^^^^^^^^^^^^^^^^^^^^^^^^^^^^\n  File \"/Users/niten.nashiki/ghq/github.com/nnashiki/sandbox-gpt-engineer/projects/my-new-project/env/lib/python3.11/site-packages/anyio/to_thread.py\", line 33, in run_sync\n    return await get_asynclib().run_sync_in_worker_thread(\n           ^^^^^^^^^^^^^^^^^^^^^^^^^^^^^^^^^^^^^^^^^^^^^^^\n  File \"/Users/niten.nashiki/ghq/github.com/nnashiki/sandbox-gpt-engineer/projects/my-new-project/env/lib/python3.11/site-packages/anyio/_backends/_asyncio.py\", line 877, in run_sync_in_worker_thread\n    return await future\n           ^^^^^^^^^^^^\n  File \"/Users/niten.nashiki/ghq/github.com/nnashiki/sandbox-gpt-engineer/projects/my-new-project/env/lib/python3.11/site-packages/anyio/_backends/_asyncio.py\", line 807, in run\n    result = context.run(func, *args)\n             ^^^^^^^^^^^^^^^^^^^^^^^^\n  File \"/Users/niten.nashiki/ghq/github.com/nnashiki/sandbox-gpt-engineer/projects/my-new-project/api/main.py\", line 46, in read_files\n    files = db.query(models.File).offset(skip).limit(limit).all()\n            ^^^^^^^^^^^^^^^^^^^^^^^^^^^^^^^^^^^^^^^^^^^^^^^^^^^^^\n  File \"/Users/niten.nashiki/ghq/github.com/nnashiki/sandbox-gpt-engineer/projects/my-new-project/env/lib/python3.11/site-packages/sqlalchemy/orm/query.py\", line 2693, in all\n    return self._iter().all()  # type: ignore\n           ^^^^^^^^^^^^\n  File \"/Users/niten.nashiki/ghq/github.com/nnashiki/sandbox-gpt-engineer/projects/my-new-project/env/lib/python3.11/site-packages/sqlalchemy/orm/query.py\", line 2847, in _iter\n    result: Union[ScalarResult[_T], Result[_T]] = self.session.execute(\n                                                  ^^^^^^^^^^^^^^^^^^^^^\n  File \"/Users/niten.nashiki/ghq/github.com/nnashiki/sandbox-gpt-engineer/projects/my-new-project/env/lib/python3.11/site-packages/sqlalchemy/orm/session.py\", line 2308, in execute\n    return self._execute_internal(\n           ^^^^^^^^^^^^^^^^^^^^^^^\n  File \"/Users/niten.nashiki/ghq/github.com/nnashiki/sandbox-gpt-engineer/projects/my-new-project/env/lib/python3.11/site-packages/sqlalchemy/orm/session.py\", line 2190, in _execute_internal\n    result: Result[Any] = compile_state_cls.orm_execute_statement(\n                          ^^^^^^^^^^^^^^^^^^^^^^^^^^^^^^^^^^^^^^^^\n  File \"/Users/niten.nashiki/ghq/github.com/nnashiki/sandbox-gpt-engineer/projects/my-new-project/env/lib/python3.11/site-packages/sqlalchemy/orm/context.py\", line 293, in orm_execute_statement\n    result = conn.execute(\n             ^^^^^^^^^^^^^\n  File \"/Users/niten.nashiki/ghq/github.com/nnashiki/sandbox-gpt-engineer/projects/my-new-project/env/lib/python3.11/site-packages/sqlalchemy/engine/base.py\", line 1416, in execute\n    return meth(\n           ^^^^^\n  File \"/Users/niten.nashiki/ghq/github.com/nnashiki/sandbox-gpt-engineer/projects/my-new-project/env/lib/python3.11/site-packages/sqlalchemy/sql/elements.py\", line 516, in _execute_on_connection\n    return connection._execute_clauseelement(\n           ^^^^^^^^^^^^^^^^^^^^^^^^^^^^^^^^^^\n  File \"/Users/niten.nashiki/ghq/github.com/nnashiki/sandbox-gpt-engineer/projects/my-new-project/env/lib/python3.11/site-packages/sqlalchemy/engine/base.py\", line 1639, in _execute_clauseelement\n    ret = self._execute_context(\n          ^^^^^^^^^^^^^^^^^^^^^^\n  File \"/Users/niten.nashiki/ghq/github.com/nnashiki/sandbox-gpt-engineer/projects/my-new-project/env/lib/python3.11/site-packages/sqlalchemy/engine/base.py\", line 1848, in _execute_context\n    return self._exec_single_context(\n           ^^^^^^^^^^^^^^^^^^^^^^^^^^\n  File \"/Users/niten.nashiki/ghq/github.com/nnashiki/sandbox-gpt-engineer/projects/my-new-project/env/lib/python3.11/site-packages/sqlalchemy/engine/base.py\", line 1988, in _exec_single_context\n    self._handle_dbapi_exception(\n  File \"/Users/niten.nashiki/ghq/github.com/nnashiki/sandbox-gpt-engineer/projects/my-new-project/env/lib/python3.11/site-packages/sqlalchemy/engine/base.py\", line 2343, in _handle_dbapi_exception\n    raise sqlalchemy_exception.with_traceback(exc_info[2]) from e\n  File \"/Users/niten.nashiki/ghq/github.com/nnashiki/sandbox-gpt-engineer/projects/my-new-project/env/lib/python3.11/site-packages/sqlalchemy/engine/base.py\", line 1969, in _exec_single_context\n    self.dialect.do_execute(\n  File \"/Users/niten.nashiki/ghq/github.com/nnashiki/sandbox-gpt-engineer/projects/my-new-project/env/lib/python3.11/site-packages/sqlalchemy/engine/default.py\", line 922, in do_execute\n    cursor.execute(statement, parameters)\nsqlalchemy.exc.OperationalError: (sqlite3.OperationalError) no such column: files.name\n[SQL: SELECT files.id AS files_id, files.name AS files_name, files.path AS files_path\nFROM files\n LIMIT ? OFFSET ?]\n[parameters: (100, 0)]\n(Background on this error at: https://sqlalche.me/e/20/e3q8)\n```", "additional_kwargs": {}, "example": false}}, {"type": "ai", "data": {"content": "\u3053\u306e\u30a8\u30e9\u30fc\u306f\u3001SQLite\u30c7\u30fc\u30bf\u30d9\u30fc\u30b9\u306b`files`\u30c6\u30fc\u30d6\u30eb\u304c\u5b58\u5728\u3057\u306a\u3044\u3001\u307e\u305f\u306f`files`\u30c6\u30fc\u30d6\u30eb\u306b`name`\u30ab\u30e9\u30e0\u304c\u5b58\u5728\u3057\u306a\u3044\u3053\u3068\u3092\u793a\u3057\u3066\u3044\u307e\u3059\u3002FastAPI\u30a2\u30d7\u30ea\u30b1\u30fc\u30b7\u30e7\u30f3\u306e\u8d77\u52d5\u6642\u306b\u30c6\u30fc\u30d6\u30eb\u3092\u4f5c\u6210\u3059\u308b\u3088\u3046\u306b\u8a2d\u5b9a\u3059\u308b\u5fc5\u8981\u304c\u3042\u308a\u307e\u3059\u3002\n\n\u307e\u305a\u3001`models.py`\u3067\u5b9a\u7fa9\u3057\u305f`Base`\u3092\u4f7f\u7528\u3057\u3066\u3001\u30c6\u30fc\u30d6\u30eb\u3092\u4f5c\u6210\u3057\u307e\u3059\u3002\u3053\u308c\u306f`main.py`\u306e\u4e2d\u3067\u884c\u3046\u3053\u3068\u304c\u3067\u304d\u307e\u3059\u3002\n\n### api/main.py\n```python\nfrom fastapi import FastAPI\nfrom sqlalchemy.orm import Session\nfrom api import models, schemas\nfrom api.database import SessionLocal, engine\n\nmodels.Base.metadata.create_all(bind=engine)\n\napp = FastAPI()\n```\n\n\u3053\u306e\u30b3\u30fc\u30c9\u306f\u3001FastAPI\u30a2\u30d7\u30ea\u30b1\u30fc\u30b7\u30e7\u30f3\u304c\u8d77\u52d5\u3059\u308b\u3068\u304d\u306b\u3001`models.py`\u3067\u5b9a\u7fa9\u3057\u305f\u3059\u3079\u3066\u306e\u30c6\u30fc\u30d6\u30eb\u3092SQLite\u30c7\u30fc\u30bf\u30d9\u30fc\u30b9\u306b\u4f5c\u6210\u3057\u307e\u3059\u3002\n\n\u6b21\u306b\u3001`files`\u30c6\u30fc\u30d6\u30eb\u306e`name`\u30ab\u30e9\u30e0\u304c\u5b58\u5728\u3059\u308b\u3053\u3068\u3092\u78ba\u8a8d\u3057\u307e\u3059\u3002\n\n### api/models.py\n```python\nfrom sqlalchemy import Column, Integer, String\nfrom sqlalchemy.ext.declarative import declarative_base\n\nBase = declarative_base()\n\nclass File(Base):\n    __tablename__ = \"files\"\n\n    id = Column(Integer, primary_key=True, index=True)\n    name = Column(String)\n    path = Column(String)\n```\n\n\u3053\u306e\u30b3\u30fc\u30c9\u306f\u3001`files`\u30c6\u30fc\u30d6\u30eb\u3068\u305d\u306e\u30ab\u30e9\u30e0`id`\u3001`name`\u3001`path`\u3092\u5b9a\u7fa9\u3057\u3066\u3044\u307e\u3059\u3002\n\n\u3053\u308c\u3089\u306e\u5909\u66f4\u306b\u3088\u308a\u3001FastAPI\u30a2\u30d7\u30ea\u30b1\u30fc\u30b7\u30e7\u30f3\u304c\u8d77\u52d5\u3059\u308b\u3068\u304d\u306bSQLite\u30c7\u30fc\u30bf\u30d9\u30fc\u30b9\u306b`files`\u30c6\u30fc\u30d6\u30eb\u304c\u4f5c\u6210\u3055\u308c\u3001`name`\u30ab\u30e9\u30e0\u304c\u5b58\u5728\u3059\u308b\u3053\u3068\u304c\u4fdd\u8a3c\u3055\u308c\u307e\u3059\u3002\u3057\u305f\u304c\u3063\u3066\u3001\u30a8\u30e9\u30fc\u306f\u89e3\u6d88\u3055\u308c\u308b\u306f\u305a\u3067\u3059\u3002", "additional_kwargs": {}, "example": false}}]